# JRE version: OpenJDK Runtime Environment (21.0.5) (build 21.0.5+-13047016-b750.29)
# Java VM: OpenJDK 64-Bit Server VM (21.0.5+-13047016-b750.29, mixed mode, tiered, compressed oops, compressed class ptrs, g1 gc, windows-amd64)
GC Precious Log:
 CardTable entry size: 512
 Card Set container configuration: InlinePtr #cards 5 size 8 Array Of Cards #cards 12 size 40 Howl #buckets 4 coarsen threshold 1843 Howl Bitmap #cards 512 size 80 coarsen threshold 460 Card regions per heap region 1 cards per card region 2048
 CPUs: 12 total, 12 available
 Memory: 16106M
 Large Page Support: Disabled
 NUMA Support: Disabled
 Compressed Oops: Enabled (32-bit)
 Heap Region Size: 1M
 Heap Min Capacity: 8M
 Heap Initial Capacity: 252M
 Heap Max Capacity: 2G
 Pre-touch: Disabled
 Parallel Workers: 10
 Concurrent Workers: 3
 Concurrent Refinement Workers: 10
 Periodic GC: Disabled
Heap:
 garbage-first heap   total 288768K, used 160125K [0x0000000080000000, 0x0000000100000000)
  region size 1024K, 6 young (6144K), 6 survivors (6144K)
 Metaspace       used 144780K, committed 147136K, reserved 1179648K
  class space    used 19976K, committed 21120K, reserved 1048576K
GC Heap History (20 events):
Event: 23.841 GC heap after
{Heap after GC invocations=54 (full 0):
 garbage-first heap   total 227328K, used 141850K [0x0000000080000000, 0x0000000100000000)
  region size 1024K, 6 young (6144K), 6 survivors (6144K)
 Metaspace       used 121827K, committed 124032K, reserved 1179648K
  class space    used 16253K, committed 17344K, reserved 1048576K
}
Event: 23.969 GC heap before
{Heap before GC invocations=54 (full 0):
 garbage-first heap   total 227328K, used 203290K [0x0000000080000000, 0x0000000100000000)
  region size 1024K, 67 young (68608K), 6 survivors (6144K)
 Metaspace       used 122355K, committed 124544K, reserved 1179648K
  class space    used 16328K, committed 17408K, reserved 1048576K
}
Event: 23.973 GC heap after
{Heap after GC invocations=55 (full 0):
 garbage-first heap   total 227328K, used 143604K [0x0000000080000000, 0x0000000100000000)
  region size 1024K, 5 young (5120K), 5 survivors (5120K)
 Metaspace       used 122355K, committed 124544K, reserved 1179648K
  class space    used 16328K, committed 17408K, reserved 1048576K
}
Event: 24.283 GC heap before
{Heap before GC invocations=56 (full 0):
 garbage-first heap   total 240640K, used 208116K [0x0000000080000000, 0x0000000100000000)
  region size 1024K, 67 young (68608K), 5 survivors (5120K)
 Metaspace       used 123466K, committed 125760K, reserved 1179648K
  class space    used 16482K, committed 17600K, reserved 1048576K
}
Event: 24.291 GC heap after
{Heap after GC invocations=57 (full 0):
 garbage-first heap   total 240640K, used 152054K [0x0000000080000000, 0x0000000100000000)
  region size 1024K, 9 young (9216K), 9 survivors (9216K)
 Metaspace       used 123466K, committed 125760K, reserved 1179648K
  class space    used 16482K, committed 17600K, reserved 1048576K
}
Event: 24.570 GC heap before
{Heap before GC invocations=57 (full 0):
 garbage-first heap   total 240640K, used 215542K [0x0000000080000000, 0x0000000100000000)
  region size 1024K, 72 young (73728K), 9 survivors (9216K)
 Metaspace       used 125684K, committed 127872K, reserved 1179648K
  class space    used 16801K, committed 17920K, reserved 1048576K
}
Event: 24.580 GC heap after
{Heap after GC invocations=58 (full 0):
 garbage-first heap   total 240640K, used 142946K [0x0000000080000000, 0x0000000100000000)
  region size 1024K, 9 young (9216K), 9 survivors (9216K)
 Metaspace       used 125684K, committed 127872K, reserved 1179648K
  class space    used 16801K, committed 17920K, reserved 1048576K
}
Event: 24.782 GC heap before
{Heap before GC invocations=58 (full 0):
 garbage-first heap   total 240640K, used 210530K [0x0000000080000000, 0x0000000100000000)
  region size 1024K, 76 young (77824K), 9 survivors (9216K)
 Metaspace       used 128895K, committed 131136K, reserved 1179648K
  class space    used 17328K, committed 18432K, reserved 1048576K
}
Event: 24.789 GC heap after
{Heap after GC invocations=59 (full 0):
 garbage-first heap   total 288768K, used 152008K [0x0000000080000000, 0x0000000100000000)
  region size 1024K, 8 young (8192K), 8 survivors (8192K)
 Metaspace       used 128895K, committed 131136K, reserved 1179648K
  class space    used 17328K, committed 18432K, reserved 1048576K
}
Event: 24.965 GC heap before
{Heap before GC invocations=60 (full 0):
 garbage-first heap   total 288768K, used 244168K [0x0000000080000000, 0x0000000100000000)
  region size 1024K, 101 young (103424K), 8 survivors (8192K)
 Metaspace       used 130314K, committed 132480K, reserved 1179648K
  class space    used 17617K, committed 18688K, reserved 1048576K
}
Event: 24.970 GC heap after
{Heap after GC invocations=61 (full 0):
 garbage-first heap   total 288768K, used 152610K [0x0000000080000000, 0x0000000100000000)
  region size 1024K, 4 young (4096K), 4 survivors (4096K)
 Metaspace       used 130314K, committed 132480K, reserved 1179648K
  class space    used 17617K, committed 18688K, reserved 1048576K
}
Event: 25.092 GC heap before
{Heap before GC invocations=61 (full 0):
 garbage-first heap   total 288768K, used 257058K [0x0000000080000000, 0x0000000100000000)
  region size 1024K, 107 young (109568K), 4 survivors (4096K)
 Metaspace       used 132511K, committed 134720K, reserved 1179648K
  class space    used 17932K, committed 19008K, reserved 1048576K
}
Event: 25.096 GC heap after
{Heap after GC invocations=62 (full 0):
 garbage-first heap   total 288768K, used 150548K [0x0000000080000000, 0x0000000100000000)
  region size 1024K, 4 young (4096K), 4 survivors (4096K)
 Metaspace       used 132511K, committed 134720K, reserved 1179648K
  class space    used 17932K, committed 19008K, reserved 1048576K
}
Event: 25.203 GC heap before
{Heap before GC invocations=62 (full 0):
 garbage-first heap   total 288768K, used 266260K [0x0000000080000000, 0x0000000100000000)
  region size 1024K, 117 young (119808K), 4 survivors (4096K)
 Metaspace       used 134918K, committed 137152K, reserved 1179648K
  class space    used 18400K, committed 19520K, reserved 1048576K
}
Event: 25.206 GC heap after
{Heap after GC invocations=63 (full 0):
 garbage-first heap   total 288768K, used 151487K [0x0000000080000000, 0x0000000100000000)
  region size 1024K, 5 young (5120K), 5 survivors (5120K)
 Metaspace       used 134918K, committed 137152K, reserved 1179648K
  class space    used 18400K, committed 19520K, reserved 1048576K
}
Event: 25.710 GC heap before
{Heap before GC invocations=64 (full 0):
 garbage-first heap   total 288768K, used 268223K [0x0000000080000000, 0x0000000100000000)
  region size 1024K, 118 young (120832K), 5 survivors (5120K)
 Metaspace       used 141877K, committed 144256K, reserved 1179648K
  class space    used 19499K, committed 20672K, reserved 1048576K
}
Event: 25.719 GC heap after
{Heap after GC invocations=65 (full 0):
 garbage-first heap   total 288768K, used 158796K [0x0000000080000000, 0x0000000100000000)
  region size 1024K, 12 young (12288K), 12 survivors (12288K)
 Metaspace       used 141877K, committed 144256K, reserved 1179648K
  class space    used 19499K, committed 20672K, reserved 1048576K
}
Event: 25.980 GC heap before
{Heap before GC invocations=65 (full 0):
 garbage-first heap   total 288768K, used 259148K [0x0000000080000000, 0x0000000100000000)
  region size 1024K, 111 young (113664K), 12 survivors (12288K)
 Metaspace       used 144661K, committed 147008K, reserved 1179648K
  class space    used 19949K, committed 21120K, reserved 1048576K
}
Event: 25.988 GC heap after
{Heap after GC invocations=66 (full 0):
 garbage-first heap   total 288768K, used 160765K [0x0000000080000000, 0x0000000100000000)
  region size 1024K, 7 young (7168K), 7 survivors (7168K)
 Metaspace       used 144661K, committed 147008K, reserved 1179648K
  class space    used 19949K, committed 21120K, reserved 1048576K
}
Event: 26.001 GC heap before
{Heap before GC invocations=66 (full 0):
 garbage-first heap   total 288768K, used 166909K [0x0000000080000000, 0x0000000100000000)
  region size 1024K, 15 young (15360K), 7 survivors (7168K)
 Metaspace       used 144780K, committed 147136K, reserved 1179648K
  class space    used 19976K, committed 21120K, reserved 1048576K
}

